GPU:3
2017-11-14 20:53:05 INFO: At 0-th epoch.
(u'decoder.rnn.layers.0.bias_hh', (4096L,))
(u'encoder.rnn.weight_ih_l0_reverse', (2048L, 300L))
(u'decoder.rnn.layers.0.bias_ih', (4096L,))
(u'encoder.rnn.weight_hh_l0', (2048L, 512L))
(u'decoder.attn.linear_in.weight', (1024L, 1024L))
(u'decoder.rnn.layers.0.weight_hh', (4096L, 1024L))
(u'decoder.attn.linear_out.weight', (1024L, 2048L))
(u'encoder.rnn.weight_ih_l0', (2048L, 300L))
(u'encoder.rnn.bias_ih_l0', (2048L,))
(u'decoder.embeddings.emb_luts.0.weight', (23262L, 300L))
(u'0.bias', (23262L,))
(u'encoder.rnn.bias_hh_l0_reverse', (2048L,))
(u'encoder.rnn.bias_hh_l0', (2048L,))
(u'encoder.embeddings.emb_luts.0.weight', (36616L, 300L))
(u'decoder.rnn.layers.0.weight_ih', (4096L, 1324L))
(u'encoder.rnn.bias_ih_l0_reverse', (2048L,))
(u'0.weight', (23262L, 1024L))
(u'encoder.rnn.weight_hh_l0_reverse', (2048L, 512L))
2017-11-14 20:53:07 DEBUG: loss at batch 0 (1214): 9.54867649078
2017-11-14 20:53:08 DEBUG: loss at batch 1 (2654): 9.62592506409
2017-11-14 20:53:09 DEBUG: loss at batch 2 (1866): 9.57535839081
2017-11-14 20:53:11 DEBUG: loss at batch 3 (2012): 9.58200454712
2017-11-14 20:53:12 DEBUG: loss at batch 4 (1786): 9.56416416168
2017-11-14 20:53:13 DEBUG: loss at batch 5 (892): 9.57263565063
2017-11-14 20:53:15 DEBUG: loss at batch 6 (2493): 9.5724773407
2017-11-14 20:53:16 DEBUG: loss at batch 7 (1246): 9.55550384521
2017-11-14 20:53:17 DEBUG: loss at batch 8 (622): 9.52289962769
2017-11-14 20:53:18 DEBUG: loss at batch 9 (310): 9.52646350861
2017-11-14 20:53:20 DEBUG: loss at batch 10 (154): 9.52773666382
2017-11-14 20:53:21 DEBUG: loss at batch 11 (2124): 9.58805847168
2017-11-14 20:53:22 DEBUG: loss at batch 12 (1800): 9.51516342163
2017-11-14 20:53:24 DEBUG: loss at batch 13 (899): 9.5482339859
2017-11-14 20:53:25 DEBUG: loss at batch 14 (2497): 9.51924610138
2017-11-14 20:53:27 DEBUG: loss at batch 15 (1847): 9.51443099976
2017-11-14 20:53:28 DEBUG: loss at batch 16 (1485): 9.52815723419
2017-11-14 20:53:29 DEBUG: loss at batch 17 (742): 9.48669242859
2017-11-14 20:53:31 DEBUG: loss at batch 18 (370): 9.49084091187
2017-11-14 20:53:32 DEBUG: loss at batch 19 (2232): 9.503074646
2017-11-14 20:53:33 DEBUG: loss at batch 20 (1115): 9.509557724
2017-11-14 20:53:35 DEBUG: loss at batch 21 (2605): 9.48571491241
2017-11-14 20:53:36 DEBUG: loss at batch 22 (1860): 9.46845817566
2017-11-14 20:53:37 DEBUG: loss at batch 23 (1488): 9.47188568115
2017-11-14 20:53:39 DEBUG: loss at batch 24 (1395): 9.48597049713
2017-11-14 20:53:40 DEBUG: loss at batch 25 (697): 9.46926116943
2017-11-14 20:53:41 DEBUG: loss at batch 26 (348): 9.46679019928
2017-11-14 20:53:43 DEBUG: loss at batch 27 (2221): 9.50353145599
2017-11-14 20:53:44 DEBUG: loss at batch 28 (1812): 9.50157642365
2017-11-14 20:53:45 DEBUG: loss at batch 29 (905): 9.49271011353
2017-11-14 20:53:47 DEBUG: loss at batch 30 (2500): 9.44327545166
2017-11-14 20:53:48 DEBUG: loss at batch 31 (1249): 9.43445491791
2017-11-14 20:53:49 DEBUG: loss at batch 32 (2672): 9.43542003632
2017-11-14 20:53:50 DEBUG: loss at batch 33 (1691): 9.42679786682
2017-11-14 20:53:52 DEBUG: loss at batch 34 (845): 9.43719577789
2017-11-14 20:53:53 DEBUG: loss at batch 35 (422): 9.42612266541
2017-11-14 20:53:55 DEBUG: loss at batch 36 (210): 9.41662406921
2017-11-14 20:53:57 DEBUG: loss at batch 37 (104): 9.43889808655
2017-11-14 20:53:58 DEBUG: loss at batch 38 (51): 9.4232378006
2017-11-14 20:54:00 DEBUG: loss at batch 39 (25): 9.43691062927
2017-11-14 20:54:01 DEBUG: loss at batch 40 (12): 9.4348154068
2017-11-14 20:54:03 DEBUG: loss at batch 41 (2053): 9.41394042969
2017-11-14 20:54:05 DEBUG: loss at batch 42 (1536): 9.43228912354
2017-11-14 20:54:06 DEBUG: loss at batch 43 (1407): 9.38844394684
2017-11-14 20:54:07 DEBUG: loss at batch 44 (2751): 9.44823646545
2017-11-14 20:54:08 DEBUG: loss at batch 45 (1375): 9.41657733917
2017-11-14 20:54:10 DEBUG: loss at batch 46 (687): 9.37012004852
2017-11-14 20:54:11 DEBUG: loss at batch 47 (343): 9.36015987396
2017-11-14 20:54:13 DEBUG: loss at batch 48 (171): 9.37514781952
2017-11-14 20:54:14 DEBUG: loss at batch 49 (85): 9.37714862823
2017-11-14 20:54:16 DEBUG: loss at batch 50 (2090): 9.35011959076
2017-11-14 20:54:17 DEBUG: loss at batch 51 (1044): 9.36743068695
2017-11-14 20:54:18 DEBUG: loss at batch 52 (2569): 9.41719532013
2017-11-14 20:54:19 DEBUG: loss at batch 53 (1951): 9.36591720581
2017-11-14 20:54:21 DEBUG: loss at batch 54 (1913): 9.33085632324
2017-11-14 20:54:22 DEBUG: loss at batch 55 (956): 9.34548187256
2017-11-14 20:54:23 DEBUG: loss at batch 56 (477): 9.33940696716
2017-11-14 20:54:25 DEBUG: loss at batch 57 (238): 9.30488491058
2017-11-14 20:54:26 DEBUG: loss at batch 58 (118): 9.33275794983
2017-11-14 20:54:28 DEBUG: loss at batch 59 (58): 9.3543138504
2017-11-14 20:54:30 DEBUG: loss at batch 60 (2076): 9.30618286133
2017-11-14 20:54:31 DEBUG: loss at batch 61 (1037): 9.30913639069
2017-11-14 20:54:32 DEBUG: loss at batch 62 (518): 9.34010124207
2017-11-14 20:54:34 DEBUG: loss at batch 63 (2306): 9.32987785339
2017-11-14 20:54:35 DEBUG: loss at batch 64 (1599): 9.3075466156
2017-11-14 20:54:37 DEBUG: loss at batch 65 (1423): 9.29644393921
2017-11-14 20:54:38 DEBUG: loss at batch 66 (2759): 9.46027374268
2017-11-14 20:54:38 DEBUG: loss at batch 67 (1379): 9.28846359253
2017-11-14 20:54:40 DEBUG: loss at batch 68 (689): 9.3351726532
2017-11-14 20:54:41 DEBUG: loss at batch 69 (344): 9.3145570755
2017-11-14 20:54:43 DEBUG: loss at batch 70 (2219): 9.33159255981
2017-11-14 20:54:44 DEBUG: loss at batch 71 (1578): 9.32676410675
2017-11-14 20:54:45 DEBUG: loss at batch 72 (1732): 9.31701087952
2017-11-14 20:54:47 DEBUG: loss at batch 73 (865): 9.29714488983
2017-11-14 20:54:48 DEBUG: loss at batch 74 (432): 9.2406835556
2017-11-14 20:54:50 DEBUG: loss at batch 75 (215): 9.26922893524
2017-11-14 20:54:51 DEBUG: loss at batch 76 (2155): 9.27715969086
2017-11-14 20:54:52 DEBUG: loss at batch 77 (1077): 9.24736881256
2017-11-14 20:54:54 DEBUG: loss at batch 78 (538): 9.23337745667
2017-11-14 20:54:55 DEBUG: loss at batch 79 (2316): 9.26571655273
2017-11-14 20:54:57 DEBUG: loss at batch 80 (1991): 9.24043083191
2017-11-14 20:54:58 DEBUG: loss at batch 81 (995): 9.25686836243
2017-11-14 20:54:59 DEBUG: loss at batch 82 (497): 9.19997310638
2017-11-14 20:55:01 DEBUG: loss at batch 83 (248): 9.27911472321
2017-11-14 20:55:02 DEBUG: loss at batch 84 (123): 9.2315788269
2017-11-14 20:55:04 DEBUG: loss at batch 85 (2109): 9.24153423309
2017-11-14 20:55:05 DEBUG: loss at batch 86 (1550): 9.24133777618
2017-11-14 20:55:07 DEBUG: loss at batch 87 (2007): 9.22938537598
2017-11-14 20:55:08 DEBUG: loss at batch 88 (1003): 9.17636203766
2017-11-14 20:55:10 DEBUG: loss at batch 89 (501): 9.22375011444
2017-11-14 20:55:11 DEBUG: loss at batch 90 (250): 9.22217559814
2017-11-14 20:55:13 DEBUG: loss at batch 91 (124): 9.20855236053
2017-11-14 20:55:15 DEBUG: loss at batch 92 (61): 9.19532489777
2017-11-14 20:55:16 DEBUG: loss at batch 93 (30): 9.18886089325
2017-11-14 20:55:18 DEBUG: loss at batch 94 (2062): 9.21821212769
2017-11-14 20:55:20 DEBUG: loss at batch 95 (1030): 9.21727466583
2017-11-14 20:55:21 DEBUG: loss at batch 96 (2562): 9.2316904068
2017-11-14 20:55:22 DEBUG: loss at batch 97 (1280): 9.18109226227
2017-11-14 20:55:23 DEBUG: loss at batch 98 (639): 9.18559360504
2017-11-14 20:55:25 DEBUG: loss at batch 99 (319): 9.14251995087
2017-11-14 20:55:26 DEBUG: loss at batch 100 (159): 9.15069293976
2017-11-14 20:55:27 DEBUG: loss at batch 101 (79): 9.1606760025
2017-11-14 20:55:29 DEBUG: loss at batch 102 (2087): 9.16140937805
2017-11-14 20:55:31 DEBUG: loss at batch 103 (1984): 9.14422893524
2017-11-14 20:55:32 DEBUG: loss at batch 104 (1915): 9.107629776
2017-11-14 20:55:33 DEBUG: loss at batch 105 (957): 9.17222595215
2017-11-14 20:55:34 DEBUG: loss at batch 106 (2526): 9.13338756561
2017-11-14 20:55:36 DEBUG: loss at batch 107 (1262): 9.11913108826
2017-11-14 20:55:37 DEBUG: loss at batch 108 (630): 9.13244056702
2017-11-14 20:55:39 DEBUG: loss at batch 109 (314): 9.14751148224
2017-11-14 20:55:41 DEBUG: loss at batch 110 (156): 9.10976696014
2017-11-14 20:55:42 DEBUG: loss at batch 111 (2125): 9.1203212738
2017-11-14 20:55:44 DEBUG: loss at batch 112 (1062): 9.10546875
2017-11-14 20:55:45 DEBUG: loss at batch 113 (2578): 9.13556861877
2017-11-14 20:55:46 DEBUG: loss at batch 114 (1288): 9.0808839798
2017-11-14 20:55:47 DEBUG: loss at batch 115 (643): 9.08936691284
2017-11-14 20:55:49 DEBUG: loss at batch 116 (321): 9.12033176422
2017-11-14 20:55:51 DEBUG: loss at batch 117 (160): 9.12449836731
2017-11-14 20:55:52 DEBUG: loss at batch 118 (2127): 9.09990501404
2017-11-14 20:55:53 DEBUG: loss at batch 119 (1063): 9.07116794586
2017-11-14 20:55:54 DEBUG: loss at batch 120 (531): 9.02784442902
2017-11-14 20:55:56 DEBUG: loss at batch 121 (265): 9.13595104218
2017-11-14 20:55:57 DEBUG: loss at batch 122 (2180): 9.04778194427
2017-11-14 20:55:59 DEBUG: loss at batch 123 (1089): 9.06168079376
2017-11-14 20:56:00 DEBUG: loss at batch 124 (2592): 9.06956863403
2017-11-14 20:56:01 DEBUG: loss at batch 125 (1295): 9.06487464905
2017-11-14 20:56:02 DEBUG: loss at batch 126 (2695): 9.03436660767
2017-11-14 20:56:04 DEBUG: loss at batch 127 (1959): 9.08538246155
2017-11-14 20:56:05 DEBUG: loss at batch 128 (2038): 9.02036952972
2017-11-14 20:56:06 DEBUG: loss at batch 129 (1532): 9.05174255371
2017-11-14 20:56:07 DEBUG: loss at batch 130 (1406): 9.02198314667
2017-11-14 20:56:09 DEBUG: loss at batch 131 (2750): 9.0346736908
2017-11-14 20:56:10 DEBUG: loss at batch 132 (1374): 9.01782608032
2017-11-14 20:56:11 DEBUG: loss at batch 133 (2734): 9.05564594269
2017-11-14 20:56:12 DEBUG: loss at batch 134 (1366): 8.97478103638
2017-11-14 20:56:13 DEBUG: loss at batch 135 (2730): 8.86031723022
2017-11-14 20:56:14 DEBUG: loss at batch 136 (1364): 8.9736995697
2017-11-14 20:56:16 DEBUG: loss at batch 137 (2729): 9.00626277924
2017-11-14 20:56:17 DEBUG: loss at batch 138 (1705): 8.97219181061
2017-11-14 20:56:18 DEBUG: loss at batch 139 (852): 8.96646213531
2017-11-14 20:56:19 DEBUG: loss at batch 140 (2473): 9.00410366058
2017-11-14 20:56:21 DEBUG: loss at batch 141 (1236): 8.9634809494
2017-11-14 20:56:22 DEBUG: loss at batch 142 (617): 9.00387954712
2017-11-14 20:56:24 DEBUG: loss at batch 143 (2356): 8.93557357788
2017-11-14 20:56:25 DEBUG: loss at batch 144 (1938): 8.8759765625
2017-11-14 20:56:26 DEBUG: loss at batch 145 (968): 8.95129680634
2017-11-14 20:56:27 DEBUG: loss at batch 146 (2531): 8.88869857788
2017-11-14 20:56:28 DEBUG: loss at batch 147 (1656): 8.96273708344
2017-11-14 20:56:29 DEBUG: loss at batch 148 (827): 8.94623756409
2017-11-14 20:56:31 DEBUG: loss at batch 149 (2461): 8.91790103912
2017-11-14 20:56:32 DEBUG: loss at batch 150 (1230): 8.91431331635
2017-11-14 20:56:34 DEBUG: loss at batch 151 (614): 8.94833087921
2017-11-14 20:56:35 DEBUG: loss at batch 152 (306): 8.95714950562
2017-11-14 20:56:37 DEBUG: loss at batch 153 (152): 8.91740989685
2017-11-14 20:56:38 DEBUG: loss at batch 154 (2123): 8.89647960663
2017-11-14 20:56:40 DEBUG: loss at batch 155 (1061): 8.90089130402
2017-11-14 20:56:41 DEBUG: loss at batch 156 (530): 8.93519020081
2017-11-14 20:56:42 DEBUG: loss at batch 157 (2312): 8.81312656403
2017-11-14 20:56:44 DEBUG: loss at batch 158 (1824): 8.90386104584
2017-11-14 20:56:45 DEBUG: loss at batch 159 (911): 8.90015792847
2017-11-14 20:56:47 DEBUG: loss at batch 160 (2503): 8.88638210297
2017-11-14 20:56:48 DEBUG: loss at batch 161 (1649): 8.84323215485
2017-11-14 20:56:49 DEBUG: loss at batch 162 (1741): 8.78654193878
2017-11-14 20:56:50 DEBUG: loss at batch 163 (1458): 8.86650657654
2017-11-14 20:56:52 DEBUG: loss at batch 164 (728): 8.80726337433
2017-11-14 20:56:53 DEBUG: loss at batch 165 (363): 8.86418056488
2017-11-14 20:56:55 DEBUG: loss at batch 166 (181): 8.90732097626
2017-11-14 20:56:56 DEBUG: loss at batch 167 (90): 8.85966968536
2017-11-14 20:56:58 DEBUG: loss at batch 168 (44): 8.82683753967
2017-11-14 20:56:59 DEBUG: loss at batch 169 (2069): 8.82468032837
2017-11-14 20:57:01 DEBUG: loss at batch 170 (1540): 8.76873588562
2017-11-14 20:57:02 DEBUG: loss at batch 171 (1408): 8.84084701538
2017-11-14 20:57:03 DEBUG: loss at batch 172 (703): 8.77324485779
2017-11-14 20:57:05 DEBUG: loss at batch 173 (2399): 8.74680519104
2017-11-14 20:57:06 DEBUG: loss at batch 174 (1835): 8.71069049835
2017-11-14 20:57:07 DEBUG: loss at batch 175 (1482): 8.73435974121
2017-11-14 20:57:08 DEBUG: loss at batch 176 (1883): 8.7499294281
2017-11-14 20:57:10 DEBUG: loss at batch 177 (941): 8.79865455627
2017-11-14 20:57:11 DEBUG: loss at batch 178 (2518): 8.73113918304
2017-11-14 20:57:12 DEBUG: loss at batch 179 (1258): 8.69585800171
2017-11-14 20:57:14 DEBUG: loss at batch 180 (628): 8.79685974121
2017-11-14 20:57:15 DEBUG: loss at batch 181 (313): 8.84648609161
2017-11-14 20:57:17 DEBUG: loss at batch 182 (2204): 8.73004341125
2017-11-14 20:57:18 DEBUG: loss at batch 183 (1101): 8.81095695496
2017-11-14 20:57:19 DEBUG: loss at batch 184 (2598): 8.68493270874
2017-11-14 20:57:20 DEBUG: loss at batch 185 (1298): 8.65731430054
2017-11-14 20:57:22 DEBUG: loss at batch 186 (648): 8.7296037674
2017-11-14 20:57:23 DEBUG: loss at batch 187 (2371): 8.74131774902
2017-11-14 20:57:24 DEBUG: loss at batch 188 (1939): 8.70151615143
2017-11-14 20:57:25 DEBUG: loss at batch 189 (1777): 8.66586112976
2017-11-14 20:57:27 DEBUG: loss at batch 190 (1467): 8.68796634674
2017-11-14 20:57:28 DEBUG: loss at batch 191 (1390): 8.66776752472
2017-11-14 20:57:29 DEBUG: loss at batch 192 (2742): 8.65942955017
2017-11-14 20:57:31 DEBUG: loss at batch 193 (1370): 8.66274261475
2017-11-14 20:57:32 DEBUG: loss at batch 194 (2732): 8.58009815216
2017-11-14 20:57:33 DEBUG: loss at batch 195 (1365): 8.59727287292
2017-11-14 20:57:35 DEBUG: loss at batch 196 (682): 8.65271186829
2017-11-14 20:57:36 DEBUG: loss at batch 197 (2388): 8.6986951828
2017-11-14 20:57:37 DEBUG: loss at batch 198 (1193): 8.60949516296
2017-11-14 20:57:38 DEBUG: loss at batch 199 (596): 8.65532875061
2017-11-14 20:57:40 DEBUG: loss at batch 200 (297): 8.71524620056
2017-11-14 20:57:41 DEBUG: loss at batch 201 (2196): 8.61039924622
2017-11-14 20:57:43 DEBUG: loss at batch 202 (1097): 8.6056022644
2017-11-14 20:57:44 DEBUG: loss at batch 203 (2596): 8.54509353638
2017-11-14 20:57:46 DEBUG: loss at batch 204 (1297): 8.5235786438
2017-11-14 20:57:47 DEBUG: loss at batch 205 (2696): 8.56751346588
2017-11-14 20:57:48 DEBUG: loss at batch 206 (1347): 8.5377035141
2017-11-14 20:57:49 DEBUG: loss at batch 207 (673): 8.54902648926
2017-11-14 20:57:51 DEBUG: loss at batch 208 (336): 8.56622123718
2017-11-14 20:57:52 DEBUG: loss at batch 209 (2215): 8.52882575989
2017-11-14 20:57:54 DEBUG: loss at batch 210 (1577): 8.6044883728
2017-11-14 20:57:55 DEBUG: loss at batch 211 (788): 8.55999755859
2017-11-14 20:57:56 DEBUG: loss at batch 212 (393): 8.57324981689
2017-11-14 20:57:58 DEBUG: loss at batch 213 (2244): 8.50898456573
2017-11-14 20:57:59 DEBUG: loss at batch 214 (1584): 8.46942615509
2017-11-14 20:58:00 DEBUG: loss at batch 215 (1419): 8.42082881927
2017-11-14 20:58:02 DEBUG: loss at batch 216 (2757): 8.86140155792
2017-11-14 20:58:03 DEBUG: loss at batch 217 (1378): 8.48664665222
2017-11-14 20:58:04 DEBUG: loss at batch 218 (2736): 8.46444606781
2017-11-14 20:58:06 DEBUG: loss at batch 219 (1367): 8.52425861359
2017-11-14 20:58:07 DEBUG: loss at batch 220 (683): 8.38637733459
2017-11-14 20:58:08 DEBUG: loss at batch 221 (341): 8.49835109711
2017-11-14 20:58:09 DEBUG: loss at batch 222 (170): 8.46447372437
2017-11-14 20:58:11 DEBUG: loss at batch 223 (2132): 8.45016288757
2017-11-14 20:58:12 DEBUG: loss at batch 224 (1801): 8.45765399933
2017-11-14 20:58:13 DEBUG: loss at batch 225 (2011): 8.36996650696
2017-11-14 20:58:14 DEBUG: loss at batch 226 (1005): 8.36906433105
2017-11-14 20:58:15 DEBUG: loss at batch 227 (502): 8.42076587677
2017-11-14 20:58:17 DEBUG: loss at batch 228 (2298): 8.33612632751
2017-11-14 20:58:18 DEBUG: loss at batch 229 (2018): 8.33477592468
2017-11-14 20:58:20 DEBUG: loss at batch 230 (1527): 8.27985286713
2017-11-14 20:58:21 DEBUG: loss at batch 231 (763): 8.3614397049
2017-11-14 20:58:22 DEBUG: loss at batch 232 (2429): 8.41725254059
2017-11-14 20:58:24 DEBUG: loss at batch 233 (1630): 8.34572696686
2017-11-14 20:58:25 DEBUG: loss at batch 234 (814): 8.41403102875
2017-11-14 20:58:26 DEBUG: loss at batch 235 (406): 8.35966491699
2017-11-14 20:58:28 DEBUG: loss at batch 236 (202): 8.37183666229
2017-11-14 20:58:30 DEBUG: loss at batch 237 (100): 8.39401435852
2017-11-14 20:58:31 DEBUG: loss at batch 238 (49): 8.38363265991
2017-11-14 20:58:33 DEBUG: loss at batch 239 (24): 8.32949066162
2017-11-14 20:58:35 DEBUG: loss at batch 240 (2059): 8.32894515991
2017-11-14 20:58:36 DEBUG: loss at batch 241 (1792): 8.16809558868
2017-11-14 20:58:37 DEBUG: loss at batch 242 (895): 8.23055076599
2017-11-14 20:58:38 DEBUG: loss at batch 243 (2495): 8.25084590912
2017-11-14 20:58:40 DEBUG: loss at batch 244 (1647): 8.30145263672
2017-11-14 20:58:41 DEBUG: loss at batch 245 (1435): 8.26753807068
2017-11-14 20:58:42 DEBUG: loss at batch 246 (1382): 8.16241931915
2017-11-14 20:58:44 DEBUG: loss at batch 247 (2738): 8.30659389496
2017-11-14 20:58:45 DEBUG: loss at batch 248 (1368): 8.25456047058
2017-11-14 20:58:46 DEBUG: loss at batch 249 (2731): 8.20243740082
2017-11-14 20:58:47 DEBUG: loss at batch 250 (1876): 8.15069484711
2017-11-14 20:58:49 DEBUG: loss at batch 251 (1492): 8.18520545959
2017-11-14 20:58:50 DEBUG: loss at batch 252 (1396): 8.0178976059
2017-11-14 20:58:52 DEBUG: loss at batch 253 (2745): 8.26602172852
2017-11-14 20:58:53 DEBUG: loss at batch 254 (1709): 8.05858421326
2017-11-14 20:58:54 DEBUG: loss at batch 255 (854): 7.99392795563
2017-11-14 20:58:56 DEBUG: loss at batch 256 (2474): 8.21456050873
2017-11-14 20:58:57 DEBUG: loss at batch 257 (1844): 8.17223834991
2017-11-14 20:58:58 DEBUG: loss at batch 258 (921): 8.0760383606
2017-11-14 20:58:59 DEBUG: loss at batch 259 (2508): 8.12237930298
2017-11-14 20:59:00 DEBUG: loss at batch 260 (1253): 8.05885124207
2017-11-14 20:59:02 DEBUG: loss at batch 261 (2674): 8.04857063293
2017-11-14 20:59:03 DEBUG: loss at batch 262 (2024): 8.08210849762
2017-11-14 20:59:04 DEBUG: loss at batch 263 (2030): 8.02352237701
2017-11-14 20:59:05 DEBUG: loss at batch 264 (1530): 8.00040340424
2017-11-14 20:59:07 DEBUG: loss at batch 265 (1886): 8.06058502197
2017-11-14 20:59:08 DEBUG: loss at batch 266 (1770): 8.07915973663
2017-11-14 20:59:10 DEBUG: loss at batch 267 (884): 8.03611660004
2017-11-14 20:59:11 DEBUG: loss at batch 268 (2489): 7.99595594406
2017-11-14 20:59:12 DEBUG: loss at batch 269 (1244): 7.99596071243
2017-11-14 20:59:13 DEBUG: loss at batch 270 (621): 8.0074672699
2017-11-14 20:59:15 DEBUG: loss at batch 271 (2358): 7.92225027084
2017-11-14 20:59:16 DEBUG: loss at batch 272 (1612): 8.01552677155
2017-11-14 20:59:17 DEBUG: loss at batch 273 (805): 7.96984052658
2017-11-14 20:59:19 DEBUG: loss at batch 274 (2450): 7.97155857086
2017-11-14 20:59:20 DEBUG: loss at batch 275 (1841): 7.84929180145
2017-11-14 20:59:21 DEBUG: loss at batch 276 (1906): 7.86433649063
2017-11-14 20:59:23 DEBUG: loss at batch 277 (1910): 7.9790802002
2017-11-14 20:59:24 DEBUG: loss at batch 278 (1773): 8.002784729
2017-11-14 20:59:25 DEBUG: loss at batch 279 (1466): 7.84137868881
2017-11-14 20:59:26 DEBUG: loss at batch 280 (732): 7.88574695587
2017-11-14 20:59:28 DEBUG: loss at batch 281 (365): 7.90081453323
2017-11-14 20:59:30 DEBUG: loss at batch 282 (182): 7.96754741669
2017-11-14 20:59:31 DEBUG: loss at batch 283 (2138): 7.71713781357
2017-11-14 20:59:33 DEBUG: loss at batch 284 (1557): 7.80501842499
2017-11-14 20:59:34 DEBUG: loss at batch 285 (778): 7.76716899872
2017-11-14 20:59:36 DEBUG: loss at batch 286 (388): 7.85196781158
2017-11-14 20:59:37 DEBUG: loss at batch 287 (193): 7.68215465546
2017-11-14 20:59:39 DEBUG: loss at batch 288 (2144): 7.8159236908
2017-11-14 20:59:40 DEBUG: loss at batch 289 (1925): 7.78996038437
2017-11-14 20:59:41 DEBUG: loss at batch 290 (1504): 7.82250070572
2017-11-14 20:59:42 DEBUG: loss at batch 291 (1399): 7.67216587067
2017-11-14 20:59:44 DEBUG: loss at batch 292 (699): 7.72595310211
2017-11-14 20:59:45 DEBUG: loss at batch 293 (349): 7.80470323563
2017-11-14 20:59:47 DEBUG: loss at batch 294 (174): 7.69530630112
2017-11-14 20:59:48 DEBUG: loss at batch 295 (2134): 7.71506500244
2017-11-14 20:59:50 DEBUG: loss at batch 296 (1556): 7.65354299545
2017-11-14 20:59:51 DEBUG: loss at batch 297 (1412): 7.82243776321
2017-11-14 20:59:52 DEBUG: loss at batch 298 (705): 7.74615573883
2017-11-14 20:59:54 DEBUG: loss at batch 299 (2400): 7.63457393646
2017-11-14 20:59:55 DEBUG: loss at batch 300 (1199): 7.70647382736
2017-11-14 20:59:56 DEBUG: loss at batch 301 (599): 7.74937152863
2017-11-14 20:59:58 DEBUG: loss at batch 302 (2347): 7.62536144257
2017-11-14 20:59:59 DEBUG: loss at batch 303 (1173): 7.70548200607
2017-11-14 21:00:01 DEBUG: loss at batch 304 (586): 7.56551742554
2017-11-14 21:00:02 DEBUG: loss at batch 305 (292): 7.59805297852
2017-11-14 21:00:03 DEBUG: loss at batch 306 (145): 7.70859766006
2017-11-14 21:00:05 DEBUG: loss at batch 307 (72): 7.6365146637
2017-11-14 21:00:06 DEBUG: loss at batch 308 (35): 7.56817436218
2017-11-14 21:00:08 DEBUG: loss at batch 309 (17): 7.6206536293
2017-11-14 21:00:09 DEBUG: loss at batch 310 (8): 7.5284614563
2017-11-14 21:00:11 DEBUG: loss at batch 311 (2051): 7.49108076096
2017-11-14 21:00:12 DEBUG: loss at batch 312 (1791): 7.50458717346
2017-11-14 21:00:14 DEBUG: loss at batch 313 (1471): 7.53569078445
2017-11-14 21:00:15 DEBUG: loss at batch 314 (735): 7.53103303909
2017-11-14 21:00:16 DEBUG: loss at batch 315 (2415): 7.5634188652
2017-11-14 21:00:17 DEBUG: loss at batch 316 (1837): 7.57698965073
2017-11-14 21:00:19 DEBUG: loss at batch 317 (1764): 7.59779214859
2017-11-14 21:00:20 DEBUG: loss at batch 318 (881): 7.58548641205
2017-11-14 21:00:21 DEBUG: loss at batch 319 (440): 7.5106253624
2017-11-14 21:00:23 DEBUG: loss at batch 320 (219): 7.48778390884
2017-11-14 21:00:24 DEBUG: loss at batch 321 (2157): 7.51020145416
2017-11-14 21:00:26 DEBUG: loss at batch 322 (1078): 7.52220153809
2017-11-14 21:00:27 DEBUG: loss at batch 323 (2586): 7.54576969147
2017-11-14 21:00:28 DEBUG: loss at batch 324 (1292): 7.48981904984
2017-11-14 21:00:29 DEBUG: loss at batch 325 (645): 7.44463920593
2017-11-14 21:00:31 DEBUG: loss at batch 326 (322): 7.44052028656
2017-11-14 21:00:32 DEBUG: loss at batch 327 (2208): 7.60004138947
2017-11-14 21:00:33 DEBUG: loss at batch 328 (1103): 7.56959962845
2017-11-14 21:00:35 DEBUG: loss at batch 329 (2599): 7.52223777771
2017-11-14 21:00:36 DEBUG: loss at batch 330 (1673): 7.40634822845
2017-11-14 21:00:37 DEBUG: loss at batch 331 (836): 7.50797796249
2017-11-14 21:00:39 DEBUG: loss at batch 332 (2465): 7.476790905
2017-11-14 21:00:40 DEBUG: loss at batch 333 (1232): 7.52801132202
2017-11-14 21:00:42 DEBUG: loss at batch 334 (615): 7.51476860046
2017-11-14 21:00:43 DEBUG: loss at batch 335 (2355): 7.50231742859
2017-11-14 21:00:45 DEBUG: loss at batch 336 (1177): 7.49086809158
2017-11-14 21:00:46 DEBUG: loss at batch 337 (588): 7.42255830765
2017-11-14 21:00:47 DEBUG: loss at batch 338 (293): 7.46478748322
2017-11-14 21:00:49 DEBUG: loss at batch 339 (2194): 7.56064128876
2017-11-14 21:00:50 DEBUG: loss at batch 340 (1096): 7.28459215164
2017-11-14 21:00:52 DEBUG: loss at batch 341 (547): 7.3460559845
2017-11-14 21:00:53 DEBUG: loss at batch 342 (273): 7.27630805969
2017-11-14 21:00:54 DEBUG: loss at batch 343 (2184): 7.53669261932
2017-11-14 21:00:55 DEBUG: loss at batch 344 (1091): 7.38985729218
2017-11-14 21:00:57 DEBUG: loss at batch 345 (2593): 7.56680679321
2017-11-14 21:00:58 DEBUG: loss at batch 346 (2000): 7.37002515793
2017-11-14 21:00:59 DEBUG: loss at batch 347 (1916): 7.22750329971
2017-11-14 21:01:00 DEBUG: loss at batch 348 (1502): 7.35480833054
2017-11-14 21:01:01 DEBUG: loss at batch 349 (1722): 7.40275764465
2017-11-14 21:01:03 DEBUG: loss at batch 350 (1453): 7.41664361954
2017-11-14 21:01:04 DEBUG: loss at batch 351 (1716): 7.45916366577
2017-11-14 21:01:05 DEBUG: loss at batch 352 (1898): 7.34086847305
2017-11-14 21:01:06 DEBUG: loss at batch 353 (2029): 7.37298345566
2017-11-14 21:01:08 DEBUG: loss at batch 354 (1014): 7.37618589401
2017-11-14 21:01:09 DEBUG: loss at batch 355 (2554): 7.36404752731
2017-11-14 21:01:10 DEBUG: loss at batch 356 (1276): 7.41471099854
2017-11-14 21:01:12 DEBUG: loss at batch 357 (637): 7.26954746246
2017-11-14 21:01:13 DEBUG: loss at batch 358 (2366): 7.26613330841
2017-11-14 21:01:14 DEBUG: loss at batch 359 (1614): 7.27884960175
2017-11-14 21:01:15 DEBUG: loss at batch 360 (806): 7.31852769852
2017-11-14 21:01:17 DEBUG: loss at batch 361 (402): 7.37309741974
2017-11-14 21:01:18 DEBUG: loss at batch 362 (200): 7.25776958466
2017-11-14 21:01:20 DEBUG: loss at batch 363 (99): 7.25315618515
2017-11-14 21:01:22 DEBUG: loss at batch 364 (2097): 7.19961738586
2017-11-14 21:01:23 DEBUG: loss at batch 365 (1547): 7.17404413223
2017-11-14 21:01:24 DEBUG: loss at batch 366 (773): 7.29784393311
2017-11-14 21:01:26 DEBUG: loss at batch 367 (2434): 7.53091335297
2017-11-14 21:01:27 DEBUG: loss at batch 368 (1839): 7.28767490387
2017-11-14 21:01:28 DEBUG: loss at batch 369 (1483): 7.26138544083
2017-11-14 21:01:30 DEBUG: loss at batch 370 (741): 7.37155103683
2017-11-14 21:01:31 DEBUG: loss at batch 371 (2418): 7.24920320511
2017-11-14 21:01:32 DEBUG: loss at batch 372 (1208): 7.24273443222
2017-11-14 21:01:34 DEBUG: loss at batch 373 (2651): 7.25982284546
2017-11-14 21:01:35 DEBUG: loss at batch 374 (1325): 7.2992272377
2017-11-14 21:01:37 DEBUG: loss at batch 375 (2710): 7.35070085526
2017-11-14 21:01:38 DEBUG: loss at batch 376 (1354): 7.16581869125
2017-11-14 21:01:39 DEBUG: loss at batch 377 (2724): 7.26300287247
2017-11-14 21:01:40 DEBUG: loss at batch 378 (1361): 7.23640775681
2017-11-14 21:01:42 DEBUG: loss at batch 379 (680): 7.4123749733
2017-11-14 21:01:43 DEBUG: loss at batch 380 (2387): 7.27623271942
2017-11-14 21:01:44 DEBUG: loss at batch 381 (1940): 7.18143224716
2017-11-14 21:01:45 DEBUG: loss at batch 382 (969): 7.17934274673
2017-11-14 21:01:47 DEBUG: loss at batch 383 (484): 7.29986572266
2017-11-14 21:01:48 DEBUG: loss at batch 384 (2289): 7.41119766235
2017-11-14 21:01:50 DEBUG: loss at batch 385 (1144): 7.11248636246
2017-11-14 21:01:51 DEBUG: loss at batch 386 (571): 7.20479106903
2017-11-14 21:01:52 DEBUG: loss at batch 387 (285): 7.25395202637
2017-11-14 21:01:54 DEBUG: loss at batch 388 (2190): 7.11084413528
2017-11-14 21:01:55 DEBUG: loss at batch 389 (1094): 7.29357290268
2017-11-14 21:01:56 DEBUG: loss at batch 390 (546): 7.27163982391
2017-11-14 21:01:58 DEBUG: loss at batch 391 (2320): 7.23953866959
2017-11-14 21:01:59 DEBUG: loss at batch 392 (1825): 7.27377080917
2017-11-14 21:02:00 DEBUG: loss at batch 393 (1905): 7.18856668472
2017-11-14 21:02:02 DEBUG: loss at batch 394 (952): 7.22464227676
2017-11-14 21:02:03 DEBUG: loss at batch 395 (475): 7.16810464859
2017-11-14 21:02:05 DEBUG: loss at batch 396 (237): 7.1865901947
2017-11-14 21:02:06 DEBUG: loss at batch 397 (2166): 7.08685731888
2017-11-14 21:02:08 DEBUG: loss at batch 398 (1564): 7.0040397644
2017-11-14 21:02:09 DEBUG: loss at batch 399 (1414): 7.12127351761
2017-11-14 21:02:10 DEBUG: loss at batch 400 (706): 7.15100669861
2017-11-14 21:02:12 DEBUG: loss at batch 401 (352): 7.11986303329
2017-11-14 21:02:13 DEBUG: loss at batch 402 (2223): 7.16649866104
2017-11-14 21:02:15 DEBUG: loss at batch 403 (1579): 7.28764057159
2017-11-14 21:02:16 DEBUG: loss at batch 404 (789): 7.18703126907
2017-11-14 21:02:18 DEBUG: loss at batch 405 (2442): 7.15043401718
2017-11-14 21:02:19 DEBUG: loss at batch 406 (1840): 7.07424783707
2017-11-14 21:02:20 DEBUG: loss at batch 407 (919): 7.10113477707
2017-11-14 21:02:21 DEBUG: loss at batch 408 (2507): 7.17825126648
2017-11-14 21:02:22 DEBUG: loss at batch 409 (1650): 7.15345573425
2017-11-14 21:02:24 DEBUG: loss at batch 410 (824): 7.20255231857
2017-11-14 21:02:25 DEBUG: loss at batch 411 (411): 7.26043224335
2017-11-14 21:02:27 DEBUG: loss at batch 412 (2253): 7.22549915314
2017-11-14 21:02:28 DEBUG: loss at batch 413 (1126): 7.13246059418
2017-11-14 21:02:29 DEBUG: loss at batch 414 (562): 7.04090690613
2017-11-14 21:02:31 DEBUG: loss at batch 415 (2328): 7.10476827621
2017-11-14 21:02:32 DEBUG: loss at batch 416 (1826): 7.18535327911
2017-11-14 21:02:34 DEBUG: loss at batch 417 (912): 7.1451382637
2017-11-14 21:02:35 DEBUG: loss at batch 418 (455): 7.0436630249
2017-11-14 21:02:37 DEBUG: loss at batch 419 (227): 7.26475191116
2017-11-14 21:02:38 DEBUG: loss at batch 420 (2161): 7.01705551147
